  Main.cpp
c:\users\whiro\desktop\c--master\shape\helloworld\main.cpp(3): warning C4067: unexpected tokens following preprocessor directive - expected a newline
c:\users\whiro\desktop\c--master\shape\helloworld\main.cpp(4): warning C4067: unexpected tokens following preprocessor directive - expected a newline
c:\users\whiro\desktop\c--master\shape\helloworld\main.cpp(5): warning C4067: unexpected tokens following preprocessor directive - expected a newline
c:\users\whiro\desktop\c--master\shape\helloworld\main.cpp(116): warning C4244: '=': conversion from 'double' to 'int', possible loss of data
c:\users\whiro\desktop\c--master\shape\helloworld\main.cpp(120): warning C4244: '=': conversion from 'double' to 'int', possible loss of data
c:\users\whiro\desktop\c--master\shape\helloworld\main.cpp(155): warning C4244: '=': conversion from 'double' to 'int', possible loss of data
c:\users\whiro\desktop\c--master\shape\helloworld\main.cpp(159): warning C4244: '=': conversion from 'double' to 'int', possible loss of data
c:\users\whiro\desktop\c--master\shape\helloworld\main.cpp(163): warning C4244: '=': conversion from 'double' to 'int', possible loss of data
c:\users\whiro\desktop\c--master\shape\helloworld\main.cpp(167): warning C4244: '=': conversion from 'double' to 'int', possible loss of data
c:\users\whiro\desktop\c--master\shape\helloworld\main.cpp(176): warning C4244: '=': conversion from 'double' to 'int', possible loss of data
c:\users\whiro\desktop\c--master\shape\helloworld\main.cpp(180): warning C4244: '=': conversion from 'double' to 'int', possible loss of data
c:\users\whiro\desktop\c--master\shape\helloworld\main.cpp(184): warning C4244: '=': conversion from 'double' to 'int', possible loss of data
c:\users\whiro\desktop\c--master\shape\helloworld\main.cpp(188): warning C4244: '=': conversion from 'double' to 'int', possible loss of data
c:\users\whiro\desktop\c--master\shape\helloworld\main.cpp(192): warning C4244: '=': conversion from 'double' to 'int', possible loss of data
c:\users\whiro\desktop\c--master\shape\helloworld\main.cpp(200): warning C4244: '=': conversion from 'double' to 'int', possible loss of data
  ShapeClass.cpp
c:\users\whiro\desktop\c--master\shape\helloworld\shapeclass.cpp(58): warning C4244: 'return': conversion from 'double' to 'int', possible loss of data
  Generating Code...
  HelloWorld.vcxproj -> C:\Users\Whiro\Desktop\c--master\Shape\x64\Debug\HelloWorld.exe
